<?xml version="1.0" encoding="UTF-8"?>
<testng-results skipped="0" failed="0" ignored="0" total="2" passed="2">
  <reporter-output>
  </reporter-output>
  <suite name="Default suite" duration-ms="17994" started-at="2020-12-05T20:07:41Z" finished-at="2020-12-05T20:07:59Z">
    <groups>
    </groups>
    <test name="Default test" duration-ms="17994" started-at="2020-12-05T20:07:41Z" finished-at="2020-12-05T20:07:59Z">
      <class name="testRun.PracticeTest">
        <test-method status="PASS" signature="ourFirstTest()[pri:0, instance:testRun.PracticeTest@22a637e7]" name="ourFirstTest" duration-ms="17962" started-at="2020-12-05T20:07:41Z" finished-at="2020-12-05T20:07:59Z">
          <reporter-output>
          </reporter-output>
        </test-method> <!-- ourFirstTest -->
        <test-method status="PASS" signature="test2()[pri:0, instance:testRun.PracticeTest@22a637e7]" name="test2" duration-ms="1" started-at="2020-12-05T20:07:59Z" finished-at="2020-12-05T20:07:59Z">
          <reporter-output>
          </reporter-output>
        </test-method> <!-- test2 -->
      </class> <!-- testRun.PracticeTest -->
    </test> <!-- Default test -->
  </suite> <!-- Default suite -->
</testng-results>
